{"numFailedTestSuites":1,"numFailedTests":0,"numPassedTestSuites":0,"numPassedTests":0,"numPendingTestSuites":0,"numPendingTests":0,"numRuntimeErrorTestSuites":1,"numTodoTests":0,"numTotalTestSuites":1,"numTotalTests":0,"openHandles":[],"snapshot":{"added":0,"didUpdate":false,"failure":false,"filesAdded":0,"filesRemoved":0,"filesRemovedList":[],"filesUnmatched":0,"filesUpdated":0,"matched":0,"total":0,"unchecked":0,"uncheckedKeysByFile":[],"unmatched":0,"updated":0},"startTime":1759123182207,"success":false,"testResults":[{"assertionResults":[],"coverage":{},"endTime":1759123183961,"message":"  \u001b[1m● \u001b[22mTest suite failed to run\n\n    ReferenceError: Response is not defined\n\n    \u001b[0m\u001b[0m\n\n      \u001b[2mat Object.<anonymous> (\u001b[22mnode_modules/@mswjs/interceptors/src/utils/fetchUtils.ts\u001b[2m:27:8)\u001b[22m\n      \u001b[2mat Object.<anonymous> (\u001b[22mnode_modules/@mswjs/interceptors/lib/node/chunk-N4ZZFE24.js\u001b[2m:17:24)\u001b[22m\n      \u001b[2mat Object.<anonymous> (\u001b[22mnode_modules/@mswjs/interceptors/lib/node/interceptors/ClientRequest/index.js\u001b[2m:3:24)\u001b[22m\n      \u001b[2mat Object.<anonymous> (\u001b[22mnode_modules/msw/src/node/SetupServerApi.ts\u001b[2m:3:42)\u001b[22m\n      \u001b[2mat Object.<anonymous> (\u001b[22msrc/mocks/server.ts\u001b[2m:12:15)\u001b[22m\n      \u001b[2mat Object.<anonymous> (\u001b[22msrc/setupTests.ts\u001b[2m:5:17)\u001b[22m\n","name":"D:\\my-app\\src\\utils\\_tests_\\com.test.tsx","startTime":1759123183961,"status":"failed","summary":""}],"wasInterrupted":false}
